<?xml version="1.0" encoding="UTF-8"?>
<testng-results skipped="0" failed="0" total="1" passed="1">
  <reporter-output>
    <line>
      <![CDATA[Login Failed::Users « Stock Accounting   Dashboard « Stock Accounting]]>
    </line>
  </reporter-output>
  <suite name="Default suite" duration-ms="8445" started-at="2023-04-19T12:42:09Z" finished-at="2023-04-19T12:42:18Z">
    <groups>
    </groups>
    <test name="Default test" duration-ms="8445" started-at="2023-04-19T12:42:09Z" finished-at="2023-04-19T12:42:18Z">
      <class name="Practice1.Property_file">
        <test-method status="PASS" signature="setup()[pri:0, instance:Practice1.Property_file@3961a41a]" name="setup" is-config="true" duration-ms="6399" started-at="2023-04-19T18:12:09Z" finished-at="2023-04-19T18:12:16Z">
          <reporter-output>
          </reporter-output>
        </test-method> <!-- setup -->
        <test-method status="PASS" signature="validateLogin()[pri:0, instance:Practice1.Property_file@3961a41a]" name="validateLogin" duration-ms="1596" started-at="2023-04-19T18:12:16Z" finished-at="2023-04-19T18:12:17Z">
          <reporter-output>
            <line>
              <![CDATA[Login Failed::Users « Stock Accounting   Dashboard « Stock Accounting]]>
            </line>
          </reporter-output>
        </test-method> <!-- validateLogin -->
        <test-method status="PASS" signature="closeApp()[pri:0, instance:Practice1.Property_file@3961a41a]" name="closeApp" is-config="true" duration-ms="401" started-at="2023-04-19T18:12:17Z" finished-at="2023-04-19T18:12:18Z">
          <reporter-output>
          </reporter-output>
        </test-method> <!-- closeApp -->
      </class> <!-- Practice1.Property_file -->
    </test> <!-- Default test -->
  </suite> <!-- Default suite -->
</testng-results>
